<?xml version="1.0" encoding="UTF-8"?>
<!-- Generated by org.testng.reporters.JUnitReportReporter -->
<testsuite skipped="0" hostname="hp" name="Facebook.TestClass" tests="1" failures="0" timestamp="21 Jun 2018 17:26:41 GMT" time="33.925" errors="0">
  <testcase name="Loginaction" time="33.925" classname="Facebook.TestClass"/>
</testsuite> <!-- Facebook.TestClass -->
