<?xml version="1.0" encoding="UTF-8"?>
<!-- Generated by org.testng.reporters.JUnitReportReporter -->
<testsuite skipped="0" hostname="hp" name="Instagram.TestClass" tests="1" failures="0" timestamp="21 Jun 2018 17:59:31 GMT" time="28.015" errors="0">
  <testcase name="Loginaction" time="28.015" classname="Instagram.TestClass"/>
</testsuite> <!-- Instagram.TestClass -->
