<?xml version="1.0" encoding="UTF-8"?>
<!-- Generated by org.testng.reporters.JUnitReportReporter -->
<testsuite skipped="0" hostname="hp" name="Tatacliq.TestClass" tests="1" failures="0" timestamp="21 Jun 2018 17:52:12 GMT" time="53.050" errors="0">
  <testcase name="Loginaction" time="53.050" classname="Tatacliq.TestClass"/>
</testsuite> <!-- Tatacliq.TestClass -->
