<?xml version="1.0" encoding="UTF-8"?>
<!-- Generated by org.testng.reporters.JUnitReportReporter -->
<testsuite skipped="0" hostname="hp" name="Scripts.Facebookapp" tests="1" failures="0" timestamp="22 Jun 2018 05:20:54 GMT" time="81.160" errors="0">
  <testcase name="Loginaction" time="81.160" classname="Scripts.Facebookapp"/>
</testsuite> <!-- Scripts.Facebookapp -->
