<?xml version="1.0" encoding="UTF-8"?>
<!-- Generated by org.testng.reporters.JUnitReportReporter -->
<testsuite skipped="0" hostname="hp" name="Twitter.TestClass" tests="1" failures="0" timestamp="21 Jun 2018 17:45:36 GMT" time="42.041" errors="0">
  <testcase name="Loginaction" time="42.041" classname="Twitter.TestClass"/>
</testsuite> <!-- Twitter.TestClass -->
